Build started 10/1/2014 11:34:35 AM.
     1>Project "z:\win7files\documents\visual studio 2010\Projects\flasmo-2a\flasmo-2a\flasmo-2a.vcxproj" on node 2 (build target(s)).
     1>InitializeBuildStatus:
         Touching "Debug\flasmo-2a.unsuccessfulbuild".
       ClCompile:
         All outputs are up-to-date.
         C:\Program Files (x86)\Microsoft Visual Studio 10.0\VC\bin\CL.exe /c /ZI /nologo /W3 /WX- /Od /Oy- /D WIN32 /D _DEBUG /D _CONSOLE /D _UNICODE /D UNICODE /Gm /EHsc /RTC1 /MDd /GS /fp:precise /Zc:wchar_t /Zc:forScope /Yu"StdAfx.h" /Fp"Debug\flasmo-2a.pch" /Fo"Debug\\" /Fd"Debug\vc100.pdb" /Gd /TP /analyze- /errorReport:prompt "flasmo-2a.cpp"
         flasmo-2a.cpp
       ManifestResourceCompile:
         C:\Program Files (x86)\Microsoft SDKs\Windows\v7.0A\bin\rc.exe /nologo /fo"Debug\flasmo-2a.exe.embed.manifest.res" Debug\flasmo-2a_manifest.rc 
       Link:
         C:\Program Files (x86)\Microsoft Visual Studio 10.0\VC\bin\link.exe /ERRORREPORT:PROMPT /OUT:"z:\win7files\documents\visual studio 2010\Projects\flasmo-2a\Debug\flasmo-2a.exe" /INCREMENTAL /NOLOGO kernel32.lib user32.lib gdi32.lib winspool.lib comdlg32.lib advapi32.lib shell32.lib ole32.lib oleaut32.lib uuid.lib odbc32.lib odbccp32.lib /MANIFEST /ManifestFile:"Debug\flasmo-2a.exe.intermediate.manifest" /MANIFESTUAC:"level='asInvoker' uiAccess='false'" /DEBUG /PDB:"z:\win7files\documents\visual studio 2010\Projects\flasmo-2a\Debug\flasmo-2a.pdb" /SUBSYSTEM:CONSOLE /TLBID:1 /DYNAMICBASE /NXCOMPAT /IMPLIB:"z:\win7files\documents\visual studio 2010\Projects\flasmo-2a\Debug\flasmo-2a.lib" /MACHINE:X86 "Debug\flasmo-2a.exe.embed.manifest.res"
         "Debug\flasmo-2a.obj"
         Debug\stdafx.obj
     1>flasmo-2a.obj : error LNK2019: unresolved external symbol "class deck __cdecl d(void)" (?d@@YA?AVdeck@@XZ) referenced in function _wmain
     1>z:\win7files\documents\visual studio 2010\Projects\flasmo-2a\Debug\flasmo-2a.exe : fatal error LNK1120: 1 unresolved externals
     1>Done Building Project "z:\win7files\documents\visual studio 2010\Projects\flasmo-2a\flasmo-2a\flasmo-2a.vcxproj" (build target(s)) -- FAILED.

Build FAILED.

Time Elapsed 00:00:05.58
